"QUERY PLAN"
"Sort  (cost=63.91..64.09 rows=73 width=1824) (actual time=3.831..3.872 rows=309 loops=1)"
"  Sort Key: u.reads_point DESC, u.id"
"  Sort Method: quicksort  Memory: 404kB"
"  ->  Hash Join  (cost=10.52..61.65 rows=73 width=1824) (actual time=2.380..3.072 rows=309 loops=1)"
"        Hash Cond: (u.id = users_roles.user_id)"
"        ->  Seq Scan on profiles u  (cost=0.00..49.21 rows=317 width=1740) (actual time=0.020..0.469 rows=317 loops=1)"
"              Filter: (deleted_at IS NULL)"
"              Rows Removed by Filter: 4"
"        ->  Hash  (cost=9.59..9.59 rows=74 width=64) (actual time=2.348..2.349 rows=313 loops=1)"
"              Buckets: 1024  Batches: 1  Memory Usage: 35kB"
"              ->  Hash Join  (cost=1.07..9.59 rows=74 width=64) (actual time=0.033..2.169 rows=313 loops=1)"
"                    Hash Cond: (users_roles.role_id = roles.id)"
"                    ->  Seq Scan on users_roles  (cost=0.00..6.72 rows=372 width=40) (actual time=0.013..0.917 rows=372 loops=1)"
"                    ->  Hash  (cost=1.06..1.06 rows=1 width=24) (actual time=0.011..0.012 rows=1 loops=1)"
"                          Buckets: 1024  Batches: 1  Memory Usage: 9kB"
"                          ->  Seq Scan on roles  (cost=0.00..1.06 rows=1 width=24) (actual time=0.005..0.007 rows=1 loops=1)"
"                                Filter: ((name)::text = 'ROLE_STUDENT'::text)"
"                                Rows Removed by Filter: 4"
"Planning Time: 0.903 ms"
"Execution Time: 4.196 ms"
