"QUERY PLAN"
"Sort  (cost=61.99..62.00 rows=1 width=1824) (actual time=0.260..0.262 rows=0 loops=1)"
"  Sort Key: u.reads_point DESC, u.id"
"  Sort Method: quicksort  Memory: 25kB"
"  ->  Nested Loop  (cost=54.17..61.98 rows=1 width=1824) (actual time=0.242..0.243 rows=0 loops=1)"
"        ->  Hash Join  (cost=54.04..61.75 rows=1 width=1780) (actual time=0.241..0.242 rows=0 loops=1)"
"              Hash Cond: (users_roles.user_id = u.id)"
"              ->  Seq Scan on users_roles  (cost=0.00..6.72 rows=372 width=40) (actual time=0.013..0.014 rows=1 loops=1)"
"              ->  Hash  (cost=54.02..54.02 rows=1 width=1740) (actual time=0.213..0.214 rows=0 loops=1)"
"                    Buckets: 1024  Batches: 1  Memory Usage: 8kB"
"                    ->  Seq Scan on profiles u  (cost=0.00..54.02 rows=1 width=1740) (actual time=0.213..0.213 rows=0 loops=1)"
"                          Filter: ((deleted_at IS NULL) AND (reads_point >= 300) AND (reads_finished_books >= 20) AND (reads_reviews_number >= 20) AND ((reads_point < 750) OR (reads_finished_books < 50) OR (reads_reviews_number < 50)))"
"                          Rows Removed by Filter: 321"
"        ->  Index Scan using roles_pkey on roles  (cost=0.13..0.18 rows=1 width=24) (never executed)"
"              Index Cond: (id = users_roles.role_id)"
"              Filter: ((name)::text = 'ROLE_STUDENT'::text)"
"Planning Time: 0.493 ms"
"Execution Time: 0.365 ms"
