"QUERY PLAN"
"Sort  (cost=62.92..62.93 rows=1 width=1824) (actual time=0.940..0.942 rows=0 loops=1)"
"  Sort Key: u.reads_point DESC, u.id"
"  Sort Method: quicksort  Memory: 25kB"
"  ->  Nested Loop  (cost=54.22..62.91 rows=1 width=1824) (actual time=0.920..0.922 rows=0 loops=1)"
"        ->  Hash Join  (cost=54.09..61.80 rows=6 width=1780) (actual time=0.919..0.920 rows=0 loops=1)"
"              Hash Cond: (users_roles.user_id = u.id)"
"              ->  Seq Scan on users_roles  (cost=0.00..6.72 rows=372 width=40) (actual time=0.019..0.019 rows=1 loops=1)"
"              ->  Hash  (cost=54.02..54.02 rows=5 width=1740) (actual time=0.878..0.878 rows=0 loops=1)"
"                    Buckets: 1024  Batches: 1  Memory Usage: 8kB"
"                    ->  Seq Scan on profiles u  (cost=0.00..54.02 rows=5 width=1740) (actual time=0.877..0.877 rows=0 loops=1)"
"                          Filter: ((deleted_at IS NULL) AND ((lower((first_name)::text) ~~ 'a'::text) OR (lower((last_name)::text) ~~ 'a'::text) OR (lower((middle_name)::text) ~~ 'a'::text)))"
"                          Rows Removed by Filter: 321"
"        ->  Index Scan using roles_pkey on roles  (cost=0.13..0.18 rows=1 width=24) (never executed)"
"              Index Cond: (id = users_roles.role_id)"
"              Filter: ((name)::text = 'ROLE_STUDENT'::text)"
"Planning Time: 0.943 ms"
"Execution Time: 1.149 ms"
